<?xml version="1.0" encoding="UTF-8"?>
<testsuite name="TesteCliente" tests="4" skipped="0" failures="0" errors="0" timestamp="2022-09-01T14:06:02" hostname="MUDAR" time="3.056">
  <properties/>
  <testcase name="Quando deletar um cliente, entÃ£o ele NÃƒO deve estar disponÃ­vel no resultado." classname="TesteCliente" time="2.094"/>
  <testcase name="Quando atualizar um cliente, entÃ£o ele deve estar disponÃ­vel e atualizado no resultado." classname="TesteCliente" time="0.801"/>
  <testcase name="Quando pegar todos os clientes sem cadastrar clientes, entÃ£o a lista deve estar vazia." classname="TesteCliente" time="0.088"/>
  <testcase name="Quando cadastrar um cliente, entÃ£o ele deve estar disponÃ­vel no resultado." classname="TesteCliente" time="0.07"/>
  <system-out><![CDATA[]]></system-out>
  <system-err><![CDATA[]]></system-err>
</testsuite>
