<?xml version="1.0" encoding="UTF-8"?>
<testsuite name="TesteCliente" tests="1" skipped="0" failures="0" errors="0" timestamp="2022-08-30T12:53:28" hostname="MUDAR" time="1.635">
  <properties/>
  <testcase name="Quando deletar um cliente, entÃ£o ele NÃƒO deve estar disponÃ­vel no resultado." classname="TesteCliente" time="1.635"/>
  <system-out><![CDATA[]]></system-out>
  <system-err><![CDATA[]]></system-err>
</testsuite>
